TN:
SF:src/app.ts
FN:10,(anonymous_7)
FN:11,(anonymous_8)
FN:15,(anonymous_9)
FN:16,(anonymous_10)
FN:17,(anonymous_11)
FN:18,(anonymous_12)
FNF:6
FNH:6
FNDA:1,(anonymous_7)
FNDA:6,(anonymous_8)
FNDA:1,(anonymous_9)
FNDA:1,(anonymous_10)
FNDA:1,(anonymous_11)
FNDA:2,(anonymous_12)
DA:1,2
DA:2,2
DA:4,2
DA:5,2
DA:7,2
DA:8,2
DA:10,2
DA:11,2
DA:12,6
DA:13,6
DA:14,6
DA:15,1
DA:16,1
DA:17,1
DA:18,2
DA:21,6
DA:22,6
DA:24,5
DA:25,5
DA:27,0
DA:28,0
DA:32,2
LF:22
LH:20
BRDA:22,0,0,1
BRF:1
BRH:1
end_of_record
TN:
SF:src/calculator.ts
FN:1,sum
FN:5,sub
FN:9,div
FN:14,mul
FNF:4
FNH:4
FNDA:2,sum
FNDA:2,sub
FNDA:4,div
FNDA:2,mul
DA:2,2
DA:6,2
DA:10,4
DA:11,2
DA:15,2
DA:18,3
DA:22,3
LF:7
LH:7
BRDA:10,0,0,2
BRF:1
BRH:1
end_of_record
TN:
SF:src/validator.ts
FN:17,validate
FNF:1
FNH:1
FNDA:7,validate
DA:2,2
DA:3,2
DA:11,2
DA:17,2
DA:18,7
DA:19,7
DA:20,1
DA:23,6
LF:8
LH:8
BRDA:19,0,0,1
BRF:1
BRH:1
end_of_record
